Path: .
URL: svn+ssh://svn/srv/svn/gscpan/perl_modules/trunk/Genome
Repository Root: svn+ssh://svn/srv/svn/gscpan
Repository UUID: 127c0c0e-971a-0410-ad48-868c1a942d8d
Revision: 55917
Node Kind: directory
Schedule: normal
Last Changed Author: ssmith
Last Changed Rev: 55916
Last Changed Date: 2010-02-28 22:54:47 -0600 (Sun, 28 Feb 2010)

12	AmpliconAssembly.t ................................................ ok
7	AmpliconAssembly/Amplicon.t ....................................... ok
12	AmpliconAssembly/Report/Compare.t ................................. ok
9	AmpliconAssembly/Report/Stats.t ................................... ok
8	Assembly/Pcap/Ace.t ............................................... ok
2	Assembly/Pcap/Phd.t ............................................... ok
5	Capture/Oligo.t ................................................... ok
3	Capture/Region.t .................................................. ok
21	Capture/Set.t ..................................................... ok
3	Capture/Target.t .................................................. ok
3	Consed/Directory.t ................................................ ok
3	Consed/Navigation/ListReader.t .................................... ok
3	Consed/Navigation/Reader.t ........................................ ok
2	Consed/Navigation/Writer.t ........................................ ok
24	Disk/Allocation.t ................................................. ok
15	Disk/Allocation/Command/Allocate.t ................................ ok
3	Disk/Assignment.t ................................................. ok
4	Disk/Group.t ...................................................... ok
3	Info/IUB.t ........................................................ ok
7	InstrumentData.t .................................................. ok
190	InstrumentData/Alignment.t ........................................ ok
83	InstrumentData/Alignment/Blat.t ................................... ok
8	InstrumentData/Alignment/Bwa.t .................................... ok
37	InstrumentData/Alignment/Maq.t .................................... ok
11	InstrumentData/Alignment/Novocraft.t .............................. ok
13	InstrumentData/Alignment/Tophat.t ................................. ok
5	InstrumentData/Command/Import/Bam.t ............................... ok
4	InstrumentData/Command/Import/Fastq.t ............................. ok
4	InstrumentData/Command/Import/Microarray.t ........................ ok
4	InstrumentData/Command/RemoveAlignmentDirectory.t ................. ok
4	InstrumentData/Imported.t ......................................... ok
3	InstrumentData/Report.t ........................................... ok
4	InstrumentData/Sanger.t ........................................... ok
57	InstrumentData/Solexa.t ........................................... ok
5	InstrumentData/Solexa/Report/Quality.t ............................ ok
3	MiscAttribute.t ................................................... ok
8	Model.t ........................................................... ok
9	Model/AmpliconAssembly/Report/Composition.t ....................... ok
9	Model/AmpliconAssembly/Report/Stats.t ............................. ok
9	Model/Build.t ..................................................... ok
7	Model/Build/AmpliconAssembly/Amplicon.t ........................... ok
6	Model/Build/Command/Abandon.t ..................................... ok
5	Model/Build/Command/Base.t ........................................ ok
7	Model/Build/Command/Remove.t ...................................... ok
8	Model/Build/Command/Start.t ....................................... ok
22	Model/Build/Command/Status.t ...................................... ok
4	Model/Build/Error.t ............................................... ok
3	Model/Build/Input.t ............................................... ok
5	Model/Build/ReferencePlaceholder.t ................................ ok
0	Model/CombineVariants.t ........................................... skipped: Broken from GSC/PSE change. Skipping until this is remedied.
5	Model/Command.t ................................................... ok
9	Model/Command/Define.t ............................................ ok
11	Model/Command/Define/GenotypeMicroarray.t ......................... ok
6	Model/Command/Define/Somatic.t .................................... ok
11	Model/Command/Input/Add.t ......................................... ok
6	Model/Command/Input/List.t ........................................ ok
5	Model/Command/Input/Names.t ....................................... ok
18	Model/Command/Input/Remove.t ...................................... ok
6	Model/Command/Input/Update.t ...................................... ok
9	Model/Command/InstrumentData/Assign.t ............................. ok
6	Model/Command/InstrumentData/List.t ............................... ok
3	Model/Command/Remove.t ............................................ ok
5	Model/Command/Rename.t ............................................ ok
10	Model/Command/Report/Generate.t ................................... ok
9	Model/Command/Report/GetDataset.t ................................. ok
9	Model/Command/Report/List.t ....................................... ok
7	Model/Command/Report/SummaryOfBuilds.t ............................ ok
8	Model/Command/Services/Build/Run.t ................................ ok
10	Model/Command/Status.t ............................................ ok
2	Model/Event-loading-is-efficient.t ................................ skipped: many of the classes this tested have changed or no longer exist for this model
12	Model/Event.t ..................................................... ok
5	Model/Event/Build.t ............................................... ok
10	Model/Event/Build/AmpliconAssembly/Assemble.t ..................... ok
9	Model/Event/Build/AmpliconAssembly/Classify.t ..................... ok
11	Model/Event/Build/AmpliconAssembly/CleanUp.t ...................... ok
10	Model/Event/Build/AmpliconAssembly/Collate.t ...................... ok
11	Model/Event/Build/AmpliconAssembly/ContaminationScreen.t .......... ok
9	Model/Event/Build/AmpliconAssembly/Orient.t ....................... ok
32	Model/Event/Build/AmpliconAssembly/PrepareInstrumentData.t ........ ok
13	Model/Event/Build/AmpliconAssembly/Reports.t ...................... ok
11	Model/Event/Build/AmpliconAssembly/TrimAndScreen.t ................ ok
10	Model/Event/Build/AmpliconAssembly/VerifyInstrumentData.t ......... ok
2	Model/Event/Build/CombineVariants/CombineAndAnnotate.t ............ skipped: This pipeline is undergoing significant refactoring
5	Model/Event/Build/DeNovoAssembly/Assemble.t ....................... ok
8	Model/Event/Build/DeNovoAssembly/Assemble/Velvet.t ................ ok
5	Model/Event/Build/DeNovoAssembly/PrepareInstrumentData.t .......... ok
10	Model/Event/Build/DeNovoAssembly/PrepareInstrumentData/Velvet.t ... ok
6	Model/Event/Build/DeNovoAssembly/Preprocess.t ..................... ok
7	Model/Event/Build/DeNovoAssembly/Preprocess/Velvet.t .............. ok
5	Model/Event/Build/ReferenceAlignment/AlignReads/Maq.t ............. ok
6	Model/Event/Build/ViromeScreen/PrepareInstrumentData.t ............ ok
4	Model/Event/InputOutput.t ......................................... ok
4	Model/Event/Metric.t .............................................. ok
4	Model/ImportedAnnotation.t ........................................ ok
4	Model/ImportedReferenceSequence.t ................................. ok
3	Model/Input.t ..................................................... ok
10	Model/InstrumentDataAssignment.t .................................. ok
2	Model/PolyphredPolyscan.t ......................................... skipped: update once composite_member relationship has been replaced with to_ and from_ models
0	Model/PolyphredPolyscan/CollateSampleGroupMutations.t ............. skipped: SLOOOOOOOOOOOOOOW
0	Model/RefSeq.t .................................................... skipped: under development
21	Model/ReferenceAlignment.t ........................................ ok
8	Model/ReferenceAlignment/Report/Mapcheck.t ........................ ok
7	Model/ReferenceAlignment/Report/Pfam.t ............................ ok
21	Model/ReferenceAlignment/Report/ReferenceCoverage.t ............... ok
16	Model/ReferenceAlignment/Report/Summary.t ......................... ok
3	Model/Report.t .................................................... ok
5	Model/Report/BuildDailySummary.t .................................. ok
5	Model/Report/BuildFailed.t ........................................ ok
6	Model/Report/BuildInitialized.t ................................... ok
6	Model/Report/BuildSucceeded.t ..................................... ok
5	Model/Report/Table.t .............................................. ok
5	Model/Test.t ...................................................... ok
3	Model/Tools/454.t ................................................. ok
161	Model/Tools/454/Newbler.t ......................................... ok
531	Model/Tools/454/ReadSeparation.t .................................. ok
9	Model/Tools/454/Sfffile.t ......................................... ok
91	Model/Tools/454Screening.t ........................................ ok
13	Model/Tools/AmpliconAssembly/Assemble.t ........................... ok
16	Model/Tools/AmpliconAssembly/Classify.t ........................... ok
8	Model/Tools/AmpliconAssembly/Collate.t ............................ ok
270	Model/Tools/AmpliconAssembly/ContaminationScreen.t ................ ok
11	Model/Tools/AmpliconAssembly/CopyFromBuild.t ...................... ok
8	Model/Tools/AmpliconAssembly/Create.t ............................. ok
8	Model/Tools/AmpliconAssembly/Orient.t ............................. ok
27	Model/Tools/AmpliconAssembly/PrepareData.t ........................ ok
10	Model/Tools/AmpliconAssembly/Report.t ............................. ok
13	Model/Tools/AmpliconAssembly/TrimAndScreen.t ...................... ok
4	Model/Tools/Annotate/LookupVariants.t ............................. ok
22	Model/Tools/Annotate/TranscriptRegions.t .......................... ok
5	Model/Tools/Annotate/TranscriptSequence.t ......................... ok
134	Model/Tools/Annotate/TranscriptVariants.t ......................... ok
236	Model/Tools/Annotate/TranscriptVariantsParallel.t ................. ok
56	Model/Tools/Assembly/AutoJoin/ByCrossMatch.t ...................... ok
55	Model/Tools/Assembly/AutoJoin/ByFwdRevPairing.t ................... ok
55	Model/Tools/Assembly/AutoJoin/ByScaffolding.t ..................... ok
12	Model/Tools/Assembly/MergeContigs.t ............................... ok
5	Model/Tools/Assembly/MergeScaffolds.t ............................. ok
14	Model/Tools/Assembly/RemoveReads.t ................................ ok
13	Model/Tools/Assembly/SplitContig.t ................................ ok
4	Model/Tools/Assembly/SplitScaffold.t .............................. ok
4	Model/Tools/Assembly/UnpackTraces.t ............................... ok
3	Model/Tools/BacterialContaminationScreen.t ........................ ok
4	Model/Tools/Ber/AmgapBerProtName.t ................................ ok
3	Model/Tools/Ber/AmgapDumpProteinBiosql.t .......................... ok
2	Model/Tools/Ber/AmgapPrepareBER.t ................................. ok
3	Model/Tools/Ber/BerRunAnnoSqlite.t ................................ ok
4	Model/Tools/Ber/BerRunBlastphmmpfam.t ............................. ok
3	Model/Tools/Ber/BerRunBtabhmmtab.t ................................ ok
3	Model/Tools/Ber/BerRunFinish.t .................................... ok
2	Model/Tools/BioDbFasta/Build.t .................................... ok
2	Model/Tools/BioDbFasta/Convert.t .................................. ok
3	Model/Tools/BioDbFasta/Subquality.t ............................... ok
2	Model/Tools/BioDbFasta/Subsequence.t .............................. ok
5	Model/Tools/BioSamtools/AlignmentSummary.t ........................ ok
3	Model/Tools/BioSamtools/CompareAlignmentSummaries.t ............... ok
33	Model/Tools/BioSamtools/ParallelRefCov.t .......................... ok
4	Model/Tools/BioSamtools/RefCov.t .................................. ok
3	Model/Tools/BioSamtools/StatsSummary.t ............................ ok
2	Model/Tools/Blat/MergeAmplicons.t ................................. ok
41	Model/Tools/Blat/Subject.t ........................................ ok
107	Model/Tools/Blat/Subjects.t ....................................... ok
78	Model/Tools/BreakpointPal.t ....................................... ok
3	Model/Tools/Bwa/AlignReads.t ...................................... ok
3	Model/Tools/Bwa/AlignStep.t ....................................... ok
28	Model/Tools/Consed/AceToOut.t ..................................... ok
3	Model/Tools/Consed/ListToNav.t .................................... ok
2	Model/Tools/Consed/NavToAcenav.t .................................. ok
16	Model/Tools/Consed/TracesToConsed.t ............................... ok
5	Model/Tools/Consed/TracesToNav.t .................................. ok
3	Model/Tools/ContaminationScreen/3730.t ............................ ok
3	Model/Tools/ContaminationScreen/454.t ............................. ok
319	Model/Tools/ContaminationScreen/Hmp/454.t ......................... ok
4	Model/Tools/ContaminationScreen/Hmp/Illumina.t .................... ok
2	Model/Tools/ContaminationScreen/MegaBlast.t ....................... ok
4	Model/Tools/ContaminationScreen/Solexa.t .......................... ok
2	Model/Tools/DeleteFiles.t ......................................... ok
3	Model/Tools/Fasta.t ............................................... ok
3	Model/Tools/Fasta/Chunk.t ......................................... ok
3	Model/Tools/Fasta/Chunker.t ....................................... ok
3	Model/Tools/Fasta/Deduplicator.t .................................. ok
2	Model/Tools/Fasta/FilterById.t .................................... ok
10	Model/Tools/Fasta/GenerateBackbone.t .............................. ok
9	Model/Tools/Fasta/Orient.t ........................................ ok
2	Model/Tools/Fasta/RemoveN.t ....................................... ok
4	Model/Tools/Fasta/Sanitize.t ...................................... ok
3	Model/Tools/Fasta/Split.t ......................................... ok
4	Model/Tools/Fasta/To.t ............................................ ok
6	Model/Tools/Fasta/Trim/Lucy.t ..................................... ok
3	Model/Tools/Fasta/Trim/LucyReader.t ............................... ok
4	Model/Tools/Fasta/Trim/Trim3.t .................................... ok
3	Model/Tools/Fasta/TrimQuality.t ................................... ok
3	Model/Tools/Fastq/Chunk.t ......................................... ok
3	Model/Tools/Fastq/FilterPolyA.t ................................... ok
3	Model/Tools/Fastq/RandomSubset.t .................................. ok
3	Model/Tools/Fastq/RemoveN.t ....................................... ok
2	Model/Tools/Fastq/Sol2phred.t ..................................... ok
5	Model/Tools/Fastq/ToPhdballScf.t .................................. ok
3	Model/Tools/Fastq/Trimq2/Fragment.t ............................... ok
3	Model/Tools/Fastq/Trimq2/PairEnd.t ................................ ok
3	Model/Tools/Fastq/Trimq2/Simple.t ................................. ok
3	Model/Tools/GetSubDirectories.t ................................... ok
4	Model/Tools/Graph/Heatmap.t ....................................... ok
3	Model/Tools/Hgmi/CollectSequence.t ................................ ok
2	Model/Tools/Hgmi/CoreGenes.t ...................................... ok
3	Model/Tools/Hgmi/DirBuilder.t ..................................... ok
2	Model/Tools/Hgmi/Finish.t ......................................... ok
5	Model/Tools/Hgmi/Hap.t ............................................ ok
4	Model/Tools/Hgmi/Merge.t .......................................... ok
177	Model/Tools/Hgmi/MkPredictionModels.t ............................. ok
3	Model/Tools/Hgmi/Predict.t ........................................ ok
2	Model/Tools/Hgmi/RrnaScreen.t ..................................... ok
100	Model/Tools/Hgmi/SendToPap.t ...................................... ok
2	Model/Tools/Hgmi/SequenceName.t ................................... ok
5	Model/Tools/Import/Solexa.t ....................................... ok
2	Model/Tools/ImportAnnotation/DbSnp.t .............................. ok
2	Model/Tools/ImportAnnotation/SplitFiles.t ......................... ok
2	Model/Tools/ImportAnnotation/UpdateAnnotation.t ................... ok
3	Model/Tools/ImportAnnotation/Venter.t ............................. ok
2	Model/Tools/ImportAnnotation/Watson.t ............................. ok
2	Model/Tools/Interproscan/DomainMutationReport.t ................... skipped: (no reason given)
7	Model/Tools/Kmer/Suffixerator.t ................................... ok
49	Model/Tools/Maq/AlignReads.t ...................................... ok
2	Model/Tools/Maq/FastaToBfa.t ...................................... ok
56	Model/Tools/Maq/Map.t ............................................. ok
4	Model/Tools/Maq/Map/Reader.t ...................................... ok
2	Model/Tools/Maq/Map/Writer.t ...................................... ok
3	Model/Tools/Maq/MapSplit.t ........................................ ok
25	Model/Tools/Maq/MapToBam.t ........................................ ok
3	Model/Tools/Maq/MapToLayers.t ..................................... ok
3	Model/Tools/Maq/Mapmerge.t ........................................ ok
3	Model/Tools/Maq/Mapview.t ......................................... ok
3	Model/Tools/Maq/ParallelMap.t ..................................... skipped: This test takes too long just to test a parallel implementation
3	Model/Tools/Maq/RemovePcrArtifacts.t .............................. ok
2	Model/Tools/Maq/UnalignedDataToFastq.t ............................ ok
16	Model/Tools/Maq/Vmerge.t .......................................... ok
2	Model/Tools/Merger.t .............................................. ok
12	Model/Tools/MetagenomicClassifier/Rdp.t ........................... ok
38	Model/Tools/Novocraft/Novoalign.t ................................. ok
97	Model/Tools/Novocraft/ParallelNovoalign.t ......................... ok
36	Model/Tools/Oligo/PcrPrimers.t .................................... ok
13	Model/Tools/Oligo/RtPcrPrimers.t .................................. ok
29	Model/Tools/Pcap/assemble.t ....................................... ok
2	Model/Tools/PhredPhrap/PhdToFasta.t ............................... ok
4	Model/Tools/PhredPhrap/ScfToPhd.t ................................. ok
3	Model/Tools/Picard.t .............................................. ok
7	Model/Tools/Picard/MarkDuplicates.t ............................... ok
4	Model/Tools/Picard/MergeSamFiles.t ................................ ok
3	Model/Tools/PooledBac/AddLinkingContigs.t ......................... skipped: test data not in place yet....
2	Model/Tools/PooledBac/GeneratePostAssemblyReports.t ............... skipped: test data not in place yet....
2	Model/Tools/PooledBac/GenerateReports.t ........................... skipped: test data not in place yet....
2	Model/Tools/PooledBac/MapContigsToAssembly.t ...................... skipped: test data not in place yet....
4	Model/Tools/PooledBac/Run.t ....................................... skipped: Test data not in place yet.
2	Model/Tools/PooledBac/RunBlast.t .................................. skipped: test data not in place yet....
2	Model/Tools/PooledBac/UpdateSeqMgr.t .............................. skipped: test data not in place yet....
7	Model/Tools/RefCov/Bias.t ......................................... ok
12	Model/Tools/RefCov/MergeStatsFiles.t .............................. ok
8	Model/Tools/RefCov/Progression.t .................................. ok
0	Model/Tools/RefCov/ProgressionInstance.t .......................... skipped: This test will complete outside of the testing harness.  It uses a different version of perl and will not succeed in a test harness.
12	Model/Tools/RefCov/Run.t .......................................... ok
3	Model/Tools/RefCov/Topology.t ..................................... ok
3	Model/Tools/RepeatMasker/CompareTables.t .......................... ok
2	Model/Tools/RepeatMasker/MergeTables.t ............................ ok
3	Model/Tools/Sam.t ................................................. ok
2	Model/Tools/Sam/AddReadGroupTag.t ................................. ok
11	Model/Tools/Sam/Coverage.t ........................................ ok
3	Model/Tools/Sam/Deduplicator.t .................................... ok
6	Model/Tools/Sam/IndelFilter.t ..................................... ok
6	Model/Tools/Sam/MarkDuplicates.t .................................. ok
4	Model/Tools/Sam/Merge.t ........................................... ok
2	Model/Tools/Sam/RemovePairedEnds.t ................................ ok
3	Model/Tools/Sam/ResurrectDuplicates.t ............................. ok
3	Model/Tools/Sam/SamToBam.t ........................................ ok
26	Model/Tools/Sam/SnpFilter.t ....................................... ok
3	Model/Tools/Sam/SnpSanitizer.t .................................... ok
3	Model/Tools/Sam/SortBam.t ......................................... ok
3	Model/Tools/Sam/SplitBam.t ........................................ ok
3	Model/Tools/Sam/ValidateHeader.t .................................. ok
48	Model/Tools/Sam/VarFilter.t ....................................... ok
10	Model/Tools/Sample/NameConversion.t ............................... ok
4	Model/Tools/Snp/CreateDbsnpFileFromSnpFile.t ...................... ok
0	Model/Tools/Snp/ExpectedSnvIntersection.t ......................... skipped: in development
4	Model/Tools/Snp/GenotypeDetail.t .................................. ok
8	Model/Tools/Snp/GetDbsnps.t ....................................... ok
4	Model/Tools/Snp/GoldSnpIntersection.t ............................. ok
2	Model/Tools/Snp/IntersectChromPos.t ............................... ok
4	Model/Tools/Snp/Sort.t ............................................ ok
13	Model/Tools/Somatic/BamToCna.t .................................... ok
17	Model/Tools/Somatic/Compare/Bams.t ................................ ok
2	Model/Tools/Somatic/FilterCeuYri.t ................................ ok
3	Model/Tools/Somatic/FilterLoh.t ................................... ok
3	Model/Tools/Somatic/HighConfidence.t .............................. ok
13	Model/Tools/Somatic/IndelpeRunner.t ............................... ok
2	Model/Tools/Somatic/LibrarySupportFilter.t ........................ ok
13	Model/Tools/Somatic/ReadCounts.t .................................. ok
8	Model/Tools/Somatic/Sniper.t ...................................... ok
8	Model/Tools/Somatic/SnpFilter.t ................................... ok
2	Model/Tools/Somatic/TierVariants.t ................................ ok
45	Model/Tools/Somatic/UcscAnnotator.t ............................... ok
3	Model/Tools/Synch.t ............................................... ok
3	Model/Tools/Velvet/Graph.t ........................................ ok
3	Model/Tools/Velvet/Hash.t ......................................... ok
17	Model/Tools/Velvet/ToAce.t ........................................ ok
3	Model/Tools/ViromeEvent/Assignment/Generate.t ..................... ok
2	Model/Tools/ViromeEvent/Assignment/Report.t ....................... ok
3	Model/Tools/ViromeEvent/Assignment/Summary.t ...................... ok
2	Model/Tools/ViromeEvent/BlastHumanGenome/InnerCheckOutput.t ....... ok
3	Model/Tools/ViromeEvent/BlastHumanGenome/OuterCheckOutput.t ....... ok
2	Model/Tools/ViromeEvent/BlastHumanGenome/ParseOutput.t ............ ok
3	Model/Tools/ViromeEvent/BlastHumanGenome/SplitGivenNumberReads.t .. ok
2	Model/Tools/ViromeEvent/BlastN/CheckParseOutput.t ................. ok
3	Model/Tools/ViromeEvent/BlastN/InnerCheckOutput.t ................. ok
2	Model/Tools/ViromeEvent/BlastN/OuterCheckOutput.t ................. ok
3	Model/Tools/ViromeEvent/BlastN/PoolAndSplitSequence.t ............. ok
2	Model/Tools/ViromeEvent/BlastX_NT/CheckParseOutput.t .............. ok
3	Model/Tools/ViromeEvent/BlastX_NT/InnerCheckOutput.t .............. ok
2	Model/Tools/ViromeEvent/BlastX_NT/OuterCheckOutput.t .............. ok
3	Model/Tools/ViromeEvent/BlastX_NT/PoolAndSplitSequence.t .......... ok
2	Model/Tools/ViromeEvent/BlastX_Viral/CheckParseOutput.t ........... ok
3	Model/Tools/ViromeEvent/BlastX_Viral/InnerCheckOutput.t ........... ok
2	Model/Tools/ViromeEvent/BlastX_Viral/OuterCheckOutput.t ........... ok
3	Model/Tools/ViromeEvent/BlastX_Viral/PoolAndSplitSequence.t ....... ok
2	Model/Tools/ViromeEvent/CDHIT/CheckResult.t ....................... ok
3	Model/Tools/ViromeEvent/CDHIT/RemoveFile.t ........................ ok
2	Model/Tools/ViromeEvent/RepeatMasker/InnerCheckResult.t ........... ok
3	Model/Tools/ViromeEvent/RepeatMasker/OuterCheckResult.t ........... ok
2	Model/Tools/ViromeEvent/RepeatMasker/RemoveFile.t ................. ok
3	Model/Tools/ViromeEvent/RepeatMasker/SplitGivenNumberReads.t ...... ok
3	Model/Tools/ViromeEvent/SequenceQualityControl.t .................. ok
2	Model/Tools/ViromeEvent/SplitBasedOnBarCode.t ..................... ok
4	Model/Tools/ViromeScreening.t ..................................... ok
3	Model/Tools/WuBlast/Blastn.t ...................................... ok
3	Model/Tools/WuBlast/Blastx.t ...................................... ok
6	Model/Tools/WuBlast/Parse.t ....................................... ok
3	Model/Tools/WuBlast/Xdformat.t .................................... ok
2	Model/VariationPosition.t ......................................... skipped: This model leans heavily on metric_snp_quality, which uses experimental metrics, which live in the other_snp_related_metrics folder, which is no longer produced!  If you know what any of this means, fix it!
3	ModelGroup.t ...................................................... ok
4	Notable.t ......................................................... ok
3	PopulationGroup.t ................................................. skipped: LIMS now requires a PSE to create a GSC::PopulationGroup
5	ProcessingProfile-example1.t ...................................... ok
6	ProcessingProfile.t ............................................... ok
7	ProcessingProfile/AmpliconAssembly.t .............................. ok
39	ProcessingProfile/Assembly-test2.t ................................ ok
5	ProcessingProfile/Assembly.t ...................................... ok
4	ProcessingProfile/Command.t ....................................... ok
6	ProcessingProfile/Command/Create.t ................................ ok
4	ProcessingProfile/Command/Describe.t .............................. ok
7	ProcessingProfile/Command/List.t .................................. ok
4	ProcessingProfile/Command/Remove.t ................................ ok
4	ProcessingProfile/Command/Rename.t ................................ ok
6	ProcessingProfile/DeNovoAssembly.t ................................ ok
2	ProcessingProfile/Param.t ......................................... ok
3	ProcessingProfile/ReferenceAlignment-454.t ........................ skipped: broken with new API
2	ProcessingProfile/ReferenceAlignment-solexa-bwa.t ................. skipped: broken with new API
3	ProcessingProfile/ReferenceAlignment-solexa-maq.t ................. skipped: broken with new API
10	ProcessingProfile/ReferenceAlignment/454.t ........................ ok
14	ProcessingProfile/ReferenceAlignment/Solexa.t ..................... ok
3	ProcessingProfile/Test.t .......................................... ok
5	ProcessingProfile/ViromeScreen.t .................................. ok
5	Reference.t ....................................................... ok
5	Reference/Member.t ................................................ ok
4	Report.t .......................................................... ok
4	Report/Command.t .................................................. ok
4	Report/Command/Email.t ............................................ ok
4	Report/Command/GetDataset.t ....................................... ok
4	Report/Command/ListDatasets.t ..................................... ok
4	Report/Command/Xslt.t ............................................. ok
4	Report/Dataset.t .................................................. ok
4	Report/Email.t .................................................... ok
3	Report/FromLegacy.t ............................................... ok
5	Report/FromSeparatedValueFile.t ................................... ok
3	Report/Generator.t ................................................ ok
4	Report/GeneratorCommand.t ......................................... ok
4	Report/XSLT.t ..................................................... ok
7	Sample.t .......................................................... ok
6	Search.t .......................................................... ok
2	SoftwareResult.t .................................................. skipped: unimplemented, coming soon
3	Transcript.t ...................................................... skipped: out of date, need to update without using models
11	Utility/AceSupportQA.t ............................................ ok
74	Utility/FileSystem.t .............................................. ok
2	Utility/IAValidate.t .............................................. ok
3	Utility/IO/Reader.t ............................................... ok
4	Utility/IO/SeparatedValueReader.t ................................. ok
3	Utility/IO/SeparatedValueWriter.t ................................. ok
3	Utility/IO/Writer.t ............................................... ok
4	Utility/MetagenomicClassifier/ChimeraClassification/Writer.t ...... ok
10	Utility/MetagenomicClassifier/ChimeraClassifier.t ................. ok
4	Utility/MetagenomicClassifier/PopulationComposition.t ............. ok
15	Utility/MetagenomicClassifier/PopulationCompositionFactory.t ...... ok
15	Utility/MetagenomicClassifier/Rdp.t ............................... ok
5	Utility/MetagenomicClassifier/Rdp/Reader.t ........................ ok
4	Utility/MetagenomicClassifier/Rdp/Writer.t ........................ ok
4	Utility/MetagenomicClassifier/SequenceClassification.t ............ ok
3	Utility/PSL.t ..................................................... ok
2	Utility/Parser.t .................................................. ok
3	Utility/SeqcleanReport.t .......................................... ok
3	Utility/TestCommandBase.t ......................................... ok
2	Utility/Text.t .................................................... ok
0	All tests successful.
0	Files=397, Tests=3694, 5399 wallclock secs ( 2.56 usr  1.86 sys + 4022.79 cusr 192.20 csys = 4219.41 CPU)
0	Result: PASS
